<?xml version="1.0" encoding="UTF-8"?>
<!-- Generated by org.testng.reporters.JUnitXMLReporter -->
<testsuite ignored="2" hostname="DESKTOP-C8GDP60" failures="0" tests="6" name="car loan" time="0.108" errors="0" timestamp="11 Sep 2020 00:22:02 GMT">
  <testcase classname="test.day3" name="AWeblogin" time="0.023"/>
  <testcase classname="test.day3" name="Mobilesignout" time="0.001"/>
  <testcase classname="test.day3" name="Mobilesignout" time="0.003"/>
  <testcase classname="test.day3" name="Mobilesignout" time="0.003"/>
  <testcase classname="test.day3" name="mobileLogin" time="0.002"/>
  <testcase classname="test.day3" name="APIcarloan" time="0.001"/>
  <testcase classname="test.day3" name="WebloginURL" time="0.0">
    <ignored/>
  </testcase> <!-- WebloginURL -->
  <testcase classname="test.day3" name="Weblogin" time="0.0">
    <ignored/>
  </testcase> <!-- Weblogin -->
</testsuite> <!-- car loan -->
