<?xml version="1.0" encoding="UTF-8"?>
<!-- Generated by org.testng.reporters.JUnitXMLReporter -->
<testsuite ignored="5" hostname="DESKTOP-C8GDP60" failures="0" tests="4" name="Regresion" time="0.093" errors="0" timestamp="2020-09-10T15:04:19 PDT">
  <testcase classname="test.day2" name="ploan" time="0.015"/>
  <testcase classname="test.day3" name="APILogin" time="0.002"/>
  <testcase classname="test.day3" name="zobileLogin" time="0.001"/>
  <testcase classname="test.day4" name="mobileLogin" time="0.001"/>
  <testcase classname="test.day4" name="Weblogin" time="0.0">
    <ignored/>
  </testcase> <!-- Weblogin -->
  <testcase classname="test.day4" name="APILogin" time="0.0">
    <ignored/>
  </testcase> <!-- APILogin -->
  <testcase classname="test.day1" name="secondTest" time="0.0">
    <ignored/>
  </testcase> <!-- secondTest -->
  <testcase classname="test.day3" name="Weblogin" time="0.0">
    <ignored/>
  </testcase> <!-- Weblogin -->
  <testcase classname="test.day1" name="Demo" time="0.0">
    <ignored/>
  </testcase> <!-- Demo -->
</testsuite> <!-- Regresion -->
