<?xml version="1.0" encoding="UTF-8"?>
<testng-results ignored="3" total="18" passed="14" failed="1" skipped="0">
  <reporter-output>
  </reporter-output>
  <suite started-at="2020-09-11T00:22:01Z" name="Loan Department" finished-at="2020-09-11T00:22:01Z" duration-ms="116">
    <groups>
      <group name="smoke">
        <method signature="day3.mobileLogin()[pri:0, instance:test.day3@3f6f6701]" name="mobileLogin" class="test.day3"/>
        <method signature="day3.mobileLogin()[pri:0, instance:test.day3@55a147cc]" name="mobileLogin" class="test.day3"/>
      </group> <!-- smoke -->
    </groups>
    <test started-at="2020-09-11T00:22:01Z" name="car loan" finished-at="2020-09-11T00:22:01Z" duration-ms="108">
      <class name="test.day3">
        <test-method signature="AWeblogin()[pri:0, instance:test.day3@55a147cc]" started-at="2020-09-11T00:22:01Z" name="AWeblogin" finished-at="2020-09-11T00:22:01Z" duration-ms="23" status="PASS">
          <reporter-output>
          </reporter-output>
        </test-method> <!-- AWeblogin -->
        <test-method signature="Mobilesignout(java.lang.String, java.lang.String)[pri:0, instance:test.day3@55a147cc]" started-at="2020-09-11T00:22:01Z" name="Mobilesignout" data-provider="getData" finished-at="2020-09-11T00:22:01Z" duration-ms="1" status="PASS">
          <params>
            <param index="0">
              <value>
                <![CDATA[firstsetusername]]>
              </value>
            </param>
            <param index="1">
              <value>
                <![CDATA[password]]>
              </value>
            </param>
          </params>
          <reporter-output>
          </reporter-output>
        </test-method> <!-- Mobilesignout -->
        <test-method signature="Mobilesignout(java.lang.String, java.lang.String)[pri:0, instance:test.day3@55a147cc]" started-at="2020-09-11T00:22:01Z" name="Mobilesignout" data-provider="getData" finished-at="2020-09-11T00:22:01Z" duration-ms="3" status="PASS">
          <params>
            <param index="0">
              <value>
                <![CDATA[secondusername]]>
              </value>
            </param>
            <param index="1">
              <value>
                <![CDATA[secondpassword]]>
              </value>
            </param>
          </params>
          <reporter-output>
          </reporter-output>
        </test-method> <!-- Mobilesignout -->
        <test-method signature="Mobilesignout(java.lang.String, java.lang.String)[pri:0, instance:test.day3@55a147cc]" started-at="2020-09-11T00:22:01Z" name="Mobilesignout" data-provider="getData" finished-at="2020-09-11T00:22:01Z" duration-ms="3" status="PASS">
          <params>
            <param index="0">
              <value>
                <![CDATA[thirdusername]]>
              </value>
            </param>
            <param index="1">
              <value>
                <![CDATA[thirdpassword]]>
              </value>
            </param>
          </params>
          <reporter-output>
          </reporter-output>
        </test-method> <!-- Mobilesignout -->
        <test-method signature="mobileLogin()[pri:0, instance:test.day3@55a147cc]" started-at="2020-09-11T00:22:01Z" name="mobileLogin" finished-at="2020-09-11T00:22:01Z" duration-ms="2" status="PASS">
          <reporter-output>
          </reporter-output>
        </test-method> <!-- mobileLogin -->
        <test-method signature="APIcarloan()[pri:0, instance:test.day3@55a147cc]" started-at="2020-09-11T00:22:01Z" name="APIcarloan" finished-at="2020-09-11T00:22:01Z" depends-on-methods="test.day3.AWeblogin" duration-ms="1" status="PASS">
          <reporter-output>
          </reporter-output>
        </test-method> <!-- APIcarloan -->
      </class> <!-- test.day3 -->
    </test> <!-- car loan -->
    <test started-at="2020-09-11T00:22:01Z" name="PersonalLoan" finished-at="2020-09-11T00:22:01Z" duration-ms="116">
      <class name="test.day3">
        <test-method signature="AWeblogin()[pri:0, instance:test.day3@3f6f6701]" started-at="2020-09-11T00:22:01Z" name="AWeblogin" finished-at="2020-09-11T00:22:01Z" duration-ms="2" status="PASS">
          <reporter-output>
          </reporter-output>
        </test-method> <!-- AWeblogin -->
        <test-method signature="Mobilesignout(java.lang.String, java.lang.String)[pri:0, instance:test.day3@3f6f6701]" started-at="2020-09-11T00:22:01Z" name="Mobilesignout" data-provider="getData" finished-at="2020-09-11T00:22:01Z" duration-ms="7" status="PASS">
          <params>
            <param index="0">
              <value>
                <![CDATA[firstsetusername]]>
              </value>
            </param>
            <param index="1">
              <value>
                <![CDATA[password]]>
              </value>
            </param>
          </params>
          <reporter-output>
          </reporter-output>
        </test-method> <!-- Mobilesignout -->
        <test-method signature="Mobilesignout(java.lang.String, java.lang.String)[pri:0, instance:test.day3@3f6f6701]" started-at="2020-09-11T00:22:01Z" name="Mobilesignout" data-provider="getData" finished-at="2020-09-11T00:22:01Z" duration-ms="2" status="PASS">
          <params>
            <param index="0">
              <value>
                <![CDATA[secondusername]]>
              </value>
            </param>
            <param index="1">
              <value>
                <![CDATA[secondpassword]]>
              </value>
            </param>
          </params>
          <reporter-output>
          </reporter-output>
        </test-method> <!-- Mobilesignout -->
        <test-method signature="Mobilesignout(java.lang.String, java.lang.String)[pri:0, instance:test.day3@3f6f6701]" started-at="2020-09-11T00:22:01Z" name="Mobilesignout" data-provider="getData" finished-at="2020-09-11T00:22:01Z" duration-ms="1" status="PASS">
          <params>
            <param index="0">
              <value>
                <![CDATA[thirdusername]]>
              </value>
            </param>
            <param index="1">
              <value>
                <![CDATA[thirdpassword]]>
              </value>
            </param>
          </params>
          <reporter-output>
          </reporter-output>
        </test-method> <!-- Mobilesignout -->
        <test-method signature="WebloginURL(java.lang.String)[pri:0, instance:test.day3@3f6f6701]" started-at="2020-09-11T00:22:01Z" name="WebloginURL" finished-at="2020-09-11T00:22:01Z" duration-ms="2" status="PASS">
          <params>
            <param index="0">
              <value>
                <![CDATA[qaclickacademy.com]]>
              </value>
            </param>
          </params>
          <reporter-output>
          </reporter-output>
        </test-method> <!-- WebloginURL -->
        <test-method signature="mobileLogin()[pri:0, instance:test.day3@3f6f6701]" started-at="2020-09-11T00:22:01Z" name="mobileLogin" finished-at="2020-09-11T00:22:01Z" duration-ms="1" status="PASS">
          <reporter-output>
          </reporter-output>
        </test-method> <!-- mobileLogin -->
        <test-method signature="APIcarloan()[pri:0, instance:test.day3@3f6f6701]" started-at="2020-09-11T00:22:01Z" name="APIcarloan" finished-at="2020-09-11T00:22:01Z" depends-on-methods="test.day3.AWeblogin" duration-ms="1" status="PASS">
          <reporter-output>
          </reporter-output>
        </test-method> <!-- APIcarloan -->
      </class> <!-- test.day3 -->
      <class name="test.day1">
        <test-method signature="lasTTest()[pri:0, instance:test.day1@242b836]" started-at="2020-09-11T00:22:01Z" name="lasTTest" finished-at="2020-09-11T00:22:01Z" duration-ms="27" status="FAIL">
          <exception class="java.lang.AssertionError">
            <message>
              <![CDATA[expected [true] but found [false]]]>
            </message>
            <full-stacktrace>
              <![CDATA[java.lang.AssertionError: expected [true] but found [false]
at org.testng.Assert.fail(Assert.java:96)
at org.testng.Assert.failNotEquals(Assert.java:776)
at org.testng.Assert.assertTrue(Assert.java:44)
at org.testng.Assert.assertTrue(Assert.java:54)
at test.day1.lasTTest(day1.java:18)
at java.base/jdk.internal.reflect.NativeMethodAccessorImpl.invoke0(Native Method)
at java.base/jdk.internal.reflect.NativeMethodAccessorImpl.invoke(NativeMethodAccessorImpl.java:62)
at java.base/jdk.internal.reflect.DelegatingMethodAccessorImpl.invoke(DelegatingMethodAccessorImpl.java:43)
at java.base/java.lang.reflect.Method.invoke(Method.java:564)
at org.testng.internal.MethodInvocationHelper.invokeMethod(MethodInvocationHelper.java:124)
at org.testng.internal.Invoker.invokeMethod(Invoker.java:583)
at org.testng.internal.Invoker.invokeTestMethod(Invoker.java:719)
at org.testng.internal.Invoker.invokeTestMethods(Invoker.java:989)
at org.testng.internal.TestMethodWorker.invokeTestMethods(TestMethodWorker.java:125)
at org.testng.internal.TestMethodWorker.run(TestMethodWorker.java:109)
at org.testng.TestRunner.privateRun(TestRunner.java:648)
at org.testng.TestRunner.run(TestRunner.java:505)
at org.testng.SuiteRunner.runTest(SuiteRunner.java:455)
at org.testng.SuiteRunner.access$000(SuiteRunner.java:40)
at org.testng.SuiteRunner$SuiteWorker.run(SuiteRunner.java:489)
at org.testng.internal.thread.ThreadUtil$1.call(ThreadUtil.java:52)
at java.base/java.util.concurrent.FutureTask.run(FutureTask.java:264)
at java.base/java.util.concurrent.ThreadPoolExecutor.runWorker(ThreadPoolExecutor.java:1130)
at java.base/java.util.concurrent.ThreadPoolExecutor$Worker.run(ThreadPoolExecutor.java:630)
at java.base/java.lang.Thread.run(Thread.java:832)
]]>
            </full-stacktrace>
          </exception> <!-- java.lang.AssertionError -->
          <reporter-output>
          </reporter-output>
        </test-method> <!-- lasTTest -->
        <test-method signature="secondTest()[pri:0, instance:test.day1@242b836]" started-at="2020-09-11T00:22:01Z" name="secondTest" finished-at="2020-09-11T00:22:01Z" duration-ms="2" status="PASS">
          <reporter-output>
          </reporter-output>
        </test-method> <!-- secondTest -->
        <test-method is-config="true" signature="Demo()[pri:0, instance:test.day1@242b836]" started-at="2020-09-11T00:22:01Z" name="Demo" finished-at="2020-09-11T00:22:01Z" duration-ms="1" status="PASS">
          <reporter-output>
          </reporter-output>
        </test-method> <!-- Demo -->
      </class> <!-- test.day1 -->
    </test> <!-- PersonalLoan -->
  </suite> <!-- Loan Department -->
</testng-results>
